#
# There is insufficient memory for the Java Runtime Environment to continue.
# Native memory allocation (malloc) failed to allocate 131088 bytes for Chunk::new
# Possible reasons:
#   The system is out of physical RAM or swap space
#   The process is running with CompressedOops enabled, and the Java Heap may be blocking the growth of the native heap
# Possible solutions:
#   Reduce memory load on the system
#   Increase physical memory or swap space
#   Check if swap backing store is full
#   Decrease Java heap size (-Xmx/-Xms)
#   Decrease number of Java threads
#   Decrease Java thread stack sizes (-Xss)
#   Set larger code cache with -XX:ReservedCodeCacheSize=
#   JVM is running with Unscaled Compressed Oops mode in which the Java heap is
#     placed in the first 4GB address space. The Java Heap base address is the
#     maximum limit for the native heap growth. Please use -XX:HeapBaseMinAddress
#     to set the Java Heap base and to place the Java Heap above 4GB virtual address.
# This output file may be truncated or incomplete.
#
#  Out of Memory Error (allocation.cpp:389), pid=18112, tid=0x00000000000045ec
#
# JRE version: OpenJDK Runtime Environment (8.0_312-b07) (build 1.8.0_312-b07)
# Java VM: OpenJDK 64-Bit Server VM (25.312-b07 mixed mode windows-amd64 compressed oops)
# Failed to write core dump. Minidumps are not enabled by default on client versions of Windows
#

---------------  T H R E A D  ---------------

Current thread (0x0000000015bf4800):  JavaThread "C2 CompilerThread0" daemon [_thread_in_native, id=17900, stack(0x00000000164d0000,0x00000000165d0000)]

Stack: [0x00000000164d0000,0x00000000165d0000]
[error occurred during error reporting (printing stack bounds), id 0xc0000005]

Native frames: (J=compiled Java code, j=interpreted, Vv=VM code, C=native code)


Current CompileTask:
C2:  54418 17737   !   4       java.io.ObjectInputStream::readObject0 (671 bytes)


---------------  P R O C E S S  ---------------

Java Threads: ( => current thread )
  0x000000001bae2800 JavaThread "RMI TCP Connection(2)-127.0.0.1" daemon [_thread_in_native, id=16300, stack(0x000000002f180000,0x000000002f280000)]
  0x000000001bad9800 JavaThread "RMI Reaper" [_thread_blocked, id=4576, stack(0x000000002f080000,0x000000002f180000)]
  0x000000001bae0800 JavaThread "RMI TCP Accept-0" daemon [_thread_in_native, id=3260, stack(0x000000002ef80000,0x000000002f080000)]
  0x000000001bae0000 JavaThread "GC Daemon" daemon [_thread_blocked, id=2312, stack(0x000000002ee80000,0x000000002ef80000)]
  0x000000001badf000 JavaThread "RMI RenewClean-[127.0.0.1:17202,org.jetbrains.kotlin.daemon.common.LoopbackNetworkInterface$ClientLoopbackSocketFactory@243db7d4]" daemon [_thread_blocked, id=8556, stack(0x000000002d280000,0x000000002d380000)]
  0x000000001bad5000 JavaThread "RMI Scheduler(0)" daemon [_thread_blocked, id=17428, stack(0x000000002c470000,0x000000002c570000)]
  0x000000001bae8800 JavaThread "Cache worker for Java compile cache (G:\rabbit_git\whiterabbit\android\.gradle\6.9\javaCompile)" [_thread_blocked, id=4580, stack(0x000000002e780000,0x000000002e880000)]
  0x000000001bada800 JavaThread "Cache worker for Java compile cache (C:\Users\WIN\.gradle\caches\6.9\javaCompile)" [_thread_blocked, id=12532, stack(0x000000002e680000,0x000000002e780000)]
  0x000000001badc000 JavaThread "WorkerExecutor Queue Thread 9" [_thread_blocked, id=13844, stack(0x000000002e080000,0x000000002e180000)]
  0x000000001bad6800 JavaThread "WorkerExecutor Queue Thread 2" [_thread_blocked, id=18024, stack(0x000000002c6b0000,0x000000002c7b0000)]
  0x000000001bad4000 JavaThread "Cache worker for execution history cache (G:\rabbit_git\whiterabbit\android\.gradle\6.9\executionHistory)" [_thread_blocked, id=17432, stack(0x000000002cf80000,0x000000002d080000)]
  0x000000001bad5800 JavaThread "Execution worker for ':' Thread 7" [_thread_blocked, id=9284, stack(0x000000002ce80000,0x000000002cf80000)]
  0x000000001bad7800 JavaThread "Execution worker for ':' Thread 6" [_thread_blocked, id=7452, stack(0x000000002cd80000,0x000000002ce80000)]
  0x000000001b70d800 JavaThread "Execution worker for ':' Thread 5" [_thread_blocked, id=8032, stack(0x000000002cc80000,0x000000002cd80000)]
  0x000000001b710000 JavaThread "Execution worker for ':' Thread 4" [_thread_blocked, id=5572, stack(0x000000002cb80000,0x000000002cc80000)]
  0x000000001b70d000 JavaThread "Execution worker for ':' Thread 3" [_thread_blocked, id=8112, stack(0x000000002ca80000,0x000000002cb80000)]
  0x000000001b70e800 JavaThread "Execution worker for ':' Thread 2" [_thread_in_native, id=17220, stack(0x000000002c980000,0x000000002ca80000)]
  0x000000001b70f800 JavaThread "Execution worker for ':'" [_thread_blocked, id=6720, stack(0x000000002c880000,0x000000002c980000)]
  0x000000001b70c000 JavaThread "build event listener" [_thread_blocked, id=4868, stack(0x000000002c5b0000,0x000000002c6b0000)]
  0x000000001b709000 JavaThread "jar transforms Thread 130" [_thread_blocked, id=392, stack(0x000000002a9a0000,0x000000002aaa0000)]
  0x000000001b703800 JavaThread "jar transforms Thread 129" [_thread_blocked, id=13656, stack(0x000000002a8a0000,0x000000002a9a0000)]
  0x000000001b708000 JavaThread "jar transforms Thread 128" [_thread_blocked, id=17668, stack(0x000000002a7a0000,0x000000002a8a0000)]
  0x000000001b702800 JavaThread "jar transforms Thread 127" [_thread_blocked, id=11760, stack(0x000000002a6a0000,0x000000002a7a0000)]
  0x000000001b707800 JavaThread "jar transforms Thread 126" [_thread_blocked, id=12320, stack(0x000000002a5a0000,0x000000002a6a0000)]
  0x000000001b706800 JavaThread "jar transforms Thread 125" [_thread_blocked, id=17412, stack(0x000000002a4a0000,0x000000002a5a0000)]
  0x000000001b705000 JavaThread "jar transforms Thread 124" [_thread_blocked, id=18028, stack(0x000000002a3a0000,0x000000002a4a0000)]
  0x000000001b706000 JavaThread "jar transforms Thread 123" [_thread_blocked, id=15392, stack(0x000000002a2a0000,0x000000002a3a0000)]
  0x000000001b702000 JavaThread "jar transforms Thread 122" [_thread_blocked, id=11500, stack(0x000000002a1a0000,0x000000002a2a0000)]
  0x000000001b701000 JavaThread "jar transforms Thread 121" [_thread_blocked, id=11768, stack(0x000000002a0a0000,0x000000002a1a0000)]
  0x000000001c4fd000 JavaThread "jar transforms Thread 120" [_thread_blocked, id=6764, stack(0x0000000029fa0000,0x000000002a0a0000)]
  0x000000001c4fc000 JavaThread "jar transforms Thread 119" [_thread_blocked, id=18136, stack(0x0000000029ea0000,0x0000000029fa0000)]
  0x000000001c4fb800 JavaThread "jar transforms Thread 118" [_thread_blocked, id=18268, stack(0x0000000029da0000,0x0000000029ea0000)]
  0x000000001c4fa800 JavaThread "jar transforms Thread 117" [_thread_blocked, id=17592, stack(0x0000000029ca0000,0x0000000029da0000)]
  0x000000001c4f9800 JavaThread "jar transforms Thread 116" [_thread_blocked, id=11316, stack(0x0000000029ba0000,0x0000000029ca0000)]
  0x000000001c4fd800 JavaThread "jar transforms Thread 115" [_thread_blocked, id=11712, stack(0x0000000029aa0000,0x0000000029ba0000)]
  0x000000001c4f2000 JavaThread "jar transforms Thread 114" [_thread_blocked, id=15036, stack(0x00000000299a0000,0x0000000029aa0000)]
  0x000000001c4f9000 JavaThread "jar transforms Thread 113" [_thread_blocked, id=13180, stack(0x00000000298a0000,0x00000000299a0000)]
  0x000000001c4f1000 JavaThread "jar transforms Thread 112" [_thread_blocked, id=16060, stack(0x00000000297a0000,0x00000000298a0000)]
  0x000000001c4f8000 JavaThread "jar transforms Thread 111" [_thread_blocked, id=17988, stack(0x00000000296a0000,0x00000000297a0000)]
  0x000000001c4f7800 JavaThread "jar transforms Thread 110" [_thread_blocked, id=17280, stack(0x00000000295a0000,0x00000000296a0000)]
  0x000000001c4f2800 JavaThread "jar transforms Thread 109" [_thread_blocked, id=11276, stack(0x00000000294a0000,0x00000000295a0000)]
  0x000000001c4f6800 JavaThread "jar transforms Thread 108" [_thread_blocked, id=5568, stack(0x00000000293a0000,0x00000000294a0000)]
  0x000000001c4ee800 JavaThread "jar transforms Thread 107" [_thread_blocked, id=9344, stack(0x00000000292a0000,0x00000000293a0000)]
  0x000000001c4f5000 JavaThread "jar transforms Thread 106" [_thread_blocked, id=7464, stack(0x00000000291a0000,0x00000000292a0000)]
  0x000000001c4ef800 JavaThread "jar transforms Thread 105" [_thread_blocked, id=11896, stack(0x00000000290a0000,0x00000000291a0000)]
  0x000000001c4f6000 JavaThread "jar transforms Thread 104" [_thread_blocked, id=15648, stack(0x0000000028fa0000,0x00000000290a0000)]
  0x000000001c4f0800 JavaThread "jar transforms Thread 103" [_thread_blocked, id=6676, stack(0x0000000028ea0000,0x0000000028fa0000)]
  0x000000001c4f3800 JavaThread "jar transforms Thread 102" [_thread_blocked, id=17164, stack(0x0000000028da0000,0x0000000028ea0000)]
  0x000000001c4f4000 JavaThread "jar transforms Thread 101" [_thread_blocked, id=7448, stack(0x0000000028ca0000,0x0000000028da0000)]
  0x000000001bdf1000 JavaThread "jar transforms Thread 100" [_thread_blocked, id=15904, stack(0x0000000028ba0000,0x0000000028ca0000)]
  0x000000001bdef800 JavaThread "jar transforms Thread 99" [_thread_blocked, id=16500, stack(0x0000000028aa0000,0x0000000028ba0000)]
  0x000000001bded000 JavaThread "jar transforms Thread 98" [_thread_blocked, id=17012, stack(0x0000000026bc0000,0x0000000026cc0000)]
  0x000000001bdf2000 JavaThread "Memory manager" [_thread_blocked, id=18408, stack(0x0000000026cd0000,0x0000000026dd0000)]
  0x000000001bdeb000 JavaThread "jar transforms Thread 97" [_thread_blocked, id=18200, stack(0x00000000262c0000,0x00000000263c0000)]
  0x000000001bde4800 JavaThread "jar transforms Thread 96" [_thread_blocked, id=14616, stack(0x00000000261c0000,0x00000000262c0000)]
  0x000000001bde7000 JavaThread "jar transforms Thread 95" [_thread_blocked, id=13660, stack(0x00000000260c0000,0x00000000261c0000)]
  0x000000001bdea000 JavaThread "jar transforms Thread 94" [_thread_blocked, id=14160, stack(0x0000000025fc0000,0x00000000260c0000)]
  0x000000001bde8800 JavaThread "jar transforms Thread 93" [_thread_blocked, id=5868, stack(0x0000000025ec0000,0x0000000025fc0000)]
  0x000000001bde5800 JavaThread "jar transforms Thread 92" [_thread_blocked, id=14260, stack(0x0000000025dc0000,0x0000000025ec0000)]
  0x000000001bde6000 JavaThread "jar transforms Thread 91" [_thread_blocked, id=12444, stack(0x0000000025cc0000,0x0000000025dc0000)]
  0x000000001bde9800 JavaThread "jar transforms Thread 90" [_thread_blocked, id=14836, stack(0x0000000025bc0000,0x0000000025cc0000)]
  0x000000001be3d800 JavaThread "jar transforms Thread 89" [_thread_blocked, id=9396, stack(0x0000000025ac0000,0x0000000025bc0000)]
  0x000000001be42800 JavaThread "jar transforms Thread 88" [_thread_blocked, id=18252, stack(0x00000000259c0000,0x0000000025ac0000)]
  0x000000001be40800 JavaThread "jar transforms Thread 87" [_thread_blocked, id=15896, stack(0x00000000258c0000,0x00000000259c0000)]
  0x000000001be40000 JavaThread "jar transforms Thread 86" [_thread_blocked, id=14644, stack(0x00000000257c0000,0x00000000258c0000)]
  0x000000001be3e800 JavaThread "jar transforms Thread 85" [_thread_blocked, id=5200, stack(0x00000000256c0000,0x00000000257c0000)]
  0x000000001be44000 JavaThread "jar transforms Thread 84" [_thread_blocked, id=5716, stack(0x00000000255c0000,0x00000000256c0000)]
  0x000000001be3f000 JavaThread "jar transforms Thread 83" [_thread_blocked, id=18188, stack(0x00000000254c0000,0x00000000255c0000)]
  0x000000001be43000 JavaThread "jar transforms Thread 82" [_thread_blocked, id=17516, stack(0x00000000253c0000,0x00000000254c0000)]
  0x000000001be41800 JavaThread "jar transforms Thread 81" [_thread_blocked, id=17068, stack(0x00000000252c0000,0x00000000253c0000)]
  0x000000001be35800 JavaThread "jar transforms Thread 80" [_thread_blocked, id=1804, stack(0x00000000251c0000,0x00000000252c0000)]
  0x000000001be3d000 JavaThread "jar transforms Thread 79" [_thread_blocked, id=14680, stack(0x00000000250c0000,0x00000000251c0000)]
  0x000000001be3b000 JavaThread "jar transforms Thread 78" [_thread_blocked, id=13572, stack(0x0000000024fc0000,0x00000000250c0000)]
  0x000000001be3a800 JavaThread "jar transforms Thread 77" [_thread_blocked, id=7580, stack(0x0000000024ec0000,0x0000000024fc0000)]
  0x000000001be39000 JavaThread "jar transforms Thread 76" [_thread_blocked, id=17060, stack(0x0000000024dc0000,0x0000000024ec0000)]
  0x000000001be39800 JavaThread "jar transforms Thread 75" [_thread_blocked, id=17248, stack(0x0000000024cc0000,0x0000000024dc0000)]
  0x000000001be35000 JavaThread "jar transforms Thread 74" [_thread_blocked, id=11284, stack(0x0000000024bc0000,0x0000000024cc0000)]
  0x000000001be37800 JavaThread "jar transforms Thread 73" [_thread_blocked, id=7384, stack(0x0000000024ac0000,0x0000000024bc0000)]
  0x000000001be38000 JavaThread "jar transforms Thread 72" [_thread_blocked, id=18312, stack(0x00000000249c0000,0x0000000024ac0000)]
  0x000000001be36800 JavaThread "jar transforms Thread 71" [_thread_blocked, id=7544, stack(0x00000000248c0000,0x00000000249c0000)]
  0x000000001be3c000 JavaThread "jar transforms Thread 70" [_thread_blocked, id=14716, stack(0x00000000247c0000,0x00000000248c0000)]
  0x000000001cc14000 JavaThread "jar transforms Thread 69" [_thread_blocked, id=6332, stack(0x00000000246c0000,0x00000000247c0000)]
  0x000000001cc13000 JavaThread "jar transforms Thread 68" [_thread_blocked, id=4840, stack(0x00000000245c0000,0x00000000246c0000)]
  0x000000001cc11800 JavaThread "jar transforms Thread 67" [_thread_blocked, id=9276, stack(0x00000000244c0000,0x00000000245c0000)]
  0x000000001cc12000 JavaThread "jar transforms Thread 66" [_thread_blocked, id=14140, stack(0x00000000243c0000,0x00000000244c0000)]
  0x000000001cc09800 JavaThread "jar transforms Thread 65" [_thread_blocked, id=17152, stack(0x00000000242c0000,0x00000000243c0000)]
  0x000000001cc10800 JavaThread "jar transforms Thread 64" [_thread_blocked, id=6564, stack(0x00000000241c0000,0x00000000242c0000)]
  0x000000001cc09000 JavaThread "jar transforms Thread 63" [_thread_blocked, id=11924, stack(0x00000000240c0000,0x00000000241c0000)]
  0x000000001cc10000 JavaThread "jar transforms Thread 62" [_thread_blocked, id=6020, stack(0x0000000023fc0000,0x00000000240c0000)]
  0x000000001cc0d800 JavaThread "jar transforms Thread 61" [_thread_blocked, id=16580, stack(0x0000000023ec0000,0x0000000023fc0000)]
  0x000000001cc0f000 JavaThread "jar transforms Thread 60" [_thread_blocked, id=10540, stack(0x0000000023dc0000,0x0000000023ec0000)]
  0x000000001cc0a800 JavaThread "jar transforms Thread 59" [_thread_blocked, id=2436, stack(0x0000000023cc0000,0x0000000023dc0000)]
  0x000000001cc0e800 JavaThread "jar transforms Thread 58" [_thread_blocked, id=15584, stack(0x0000000023bc0000,0x0000000023cc0000)]
  0x000000001cc05800 JavaThread "jar transforms Thread 57" [_thread_blocked, id=15208, stack(0x0000000023ac0000,0x0000000023bc0000)]
  0x000000001cc08000 JavaThread "jar transforms Thread 56" [_thread_blocked, id=4224, stack(0x00000000239c0000,0x0000000023ac0000)]
  0x000000001cc0c800 JavaThread "jar transforms Thread 55" [_thread_blocked, id=10524, stack(0x00000000238c0000,0x00000000239c0000)]
  0x000000001cc06800 JavaThread "jar transforms Thread 54" [_thread_blocked, id=15456, stack(0x00000000237c0000,0x00000000238c0000)]
  0x000000001cc0c000 JavaThread "jar transforms Thread 53" [_thread_blocked, id=14192, stack(0x00000000236c0000,0x00000000237c0000)]
  0x000000001cc0b000 JavaThread "jar transforms Thread 52" [_thread_blocked, id=18288, stack(0x00000000235c0000,0x00000000236c0000)]
  0x000000001cc07000 JavaThread "jar transforms Thread 51" [_thread_blocked, id=18316, stack(0x00000000234c0000,0x00000000235c0000)]
  0x000000001cc05000 JavaThread "jar transforms Thread 50" [_thread_blocked, id=2372, stack(0x00000000233c0000,0x00000000234c0000)]
  0x000000001c92c000 JavaThread "jar transforms Thread 49" [_thread_blocked, id=17720, stack(0x00000000232c0000,0x00000000233c0000)]
  0x000000001c92b000 JavaThread "jar transforms Thread 48" [_thread_blocked, id=15368, stack(0x00000000231c0000,0x00000000232c0000)]
  0x000000001c92d000 JavaThread "jar transforms Thread 47" [_thread_blocked, id=3308, stack(0x00000000230c0000,0x00000000231c0000)]
  0x000000001c92a800 JavaThread "jar transforms Thread 46" [_thread_blocked, id=976, stack(0x0000000022fc0000,0x00000000230c0000)]
  0x000000001c929800 JavaThread "jar transforms Thread 45" [_thread_blocked, id=16988, stack(0x0000000022ec0000,0x0000000022fc0000)]
  0x000000001c929000 JavaThread "jar transforms Thread 44" [_thread_blocked, id=16564, stack(0x0000000022dc0000,0x0000000022ec0000)]
  0x000000001c92f000 JavaThread "jar transforms Thread 43" [_thread_blocked, id=12072, stack(0x0000000022cc0000,0x0000000022dc0000)]
  0x000000001c92e800 JavaThread "jar transforms Thread 42" [_thread_blocked, id=9116, stack(0x0000000022bc0000,0x0000000022cc0000)]
  0x000000001c92d800 JavaThread "jar transforms Thread 41" [_thread_blocked, id=17832, stack(0x0000000022ac0000,0x0000000022bc0000)]
  0x000000001c921000 JavaThread "jar transforms Thread 40" [_thread_blocked, id=9896, stack(0x00000000229c0000,0x0000000022ac0000)]
  0x000000001c928000 JavaThread "jar transforms Thread 39" [_thread_blocked, id=12428, stack(0x00000000228c0000,0x00000000229c0000)]
  0x000000001c920000 JavaThread "jar transforms Thread 38" [_thread_blocked, id=2656, stack(0x00000000227c0000,0x00000000228c0000)]
  0x000000001c922800 JavaThread "jar transforms Thread 37" [_thread_blocked, id=10500, stack(0x00000000226c0000,0x00000000227c0000)]
  0x000000001c925800 JavaThread "jar transforms Thread 36" [_thread_blocked, id=18160, stack(0x00000000225c0000,0x00000000226c0000)]
  0x000000001c927800 JavaThread "jar transforms Thread 35" [_thread_blocked, id=10096, stack(0x00000000224c0000,0x00000000225c0000)]
  0x000000001c925000 JavaThread "jar transforms Thread 34" [_thread_blocked, id=12596, stack(0x00000000223c0000,0x00000000224c0000)]
  0x000000001c926800 JavaThread "jar transforms Thread 33" [_thread_blocked, id=18332, stack(0x00000000222c0000,0x00000000223c0000)]
  0x000000001c923800 JavaThread "jar transforms Thread 32" [_thread_blocked, id=18216, stack(0x00000000221c0000,0x00000000222c0000)]
  0x000000001c924000 JavaThread "jar transforms Thread 31" [_thread_blocked, id=13364, stack(0x00000000220c0000,0x00000000221c0000)]
  0x000000001c922000 JavaThread "jar transforms Thread 30" [_thread_blocked, id=16368, stack(0x0000000021fc0000,0x00000000220c0000)]
  0x00000000191c2800 JavaThread "jar transforms Thread 29" [_thread_blocked, id=16316, stack(0x0000000021ec0000,0x0000000021fc0000)]
  0x00000000191c2000 JavaThread "jar transforms Thread 28" [_thread_blocked, id=18132, stack(0x0000000021dc0000,0x0000000021ec0000)]
  0x00000000191c1000 JavaThread "jar transforms Thread 27" [_thread_blocked, id=16848, stack(0x0000000021cc0000,0x0000000021dc0000)]
  0x00000000191c0800 JavaThread "jar transforms Thread 26" [_thread_blocked, id=17636, stack(0x0000000021bc0000,0x0000000021cc0000)]
  0x00000000191b8800 JavaThread "jar transforms Thread 25" [_thread_blocked, id=8692, stack(0x0000000021ac0000,0x0000000021bc0000)]
  0x00000000191bf800 JavaThread "jar transforms Thread 24" [_thread_blocked, id=13736, stack(0x00000000219c0000,0x0000000021ac0000)]
  0x00000000191b7800 JavaThread "jar transforms Thread 23" [_thread_blocked, id=17944, stack(0x00000000218c0000,0x00000000219c0000)]
  0x00000000191bf000 JavaThread "jar transforms Thread 22" [_thread_blocked, id=16808, stack(0x00000000217c0000,0x00000000218c0000)]
  0x00000000191b7000 JavaThread "jar transforms Thread 21" [_thread_blocked, id=17756, stack(0x00000000216c0000,0x00000000217c0000)]
  0x00000000191be000 JavaThread "jar transforms Thread 20" [_thread_blocked, id=14488, stack(0x00000000215c0000,0x00000000216c0000)]
  0x00000000191bd000 JavaThread "jar transforms Thread 19" [_thread_blocked, id=12056, stack(0x00000000214c0000,0x00000000215c0000)]
  0x00000000191b5800 JavaThread "jar transforms Thread 18" [_thread_blocked, id=17268, stack(0x00000000213c0000,0x00000000214c0000)]
  0x00000000191bc800 JavaThread "jar transforms Thread 17" [_thread_blocked, id=2236, stack(0x00000000212c0000,0x00000000213c0000)]
  0x00000000191b9800 JavaThread "jar transforms Thread 16" [_thread_blocked, id=16700, stack(0x00000000211c0000,0x00000000212c0000)]
  0x00000000191bb800 JavaThread "jar transforms Thread 15" [_thread_blocked, id=17512, stack(0x00000000210c0000,0x00000000211c0000)]
  0x00000000191b6000 JavaThread "jar transforms Thread 14" [_thread_blocked, id=7044, stack(0x0000000020fc0000,0x00000000210c0000)]
  0x00000000191b4800 JavaThread "jar transforms Thread 13" [_thread_blocked, id=5612, stack(0x0000000020ec0000,0x0000000020fc0000)]
  0x00000000191b4000 JavaThread "jar transforms Thread 12" [_thread_blocked, id=9060, stack(0x0000000020dc0000,0x0000000020ec0000)]
  0x00000000191ba000 JavaThread "jar transforms Thread 11" [_thread_blocked, id=17596, stack(0x0000000020cc0000,0x0000000020dc0000)]
  0x00000000191bb000 JavaThread "jar transforms Thread 10" [_thread_blocked, id=16784, stack(0x0000000020bc0000,0x0000000020cc0000)]
  0x000000001b9a6000 JavaThread "jar transforms Thread 9" [_thread_blocked, id=5988, stack(0x0000000020ac0000,0x0000000020bc0000)]
  0x000000001b9a3000 JavaThread "jar transforms Thread 8" [_thread_blocked, id=17332, stack(0x00000000209c0000,0x0000000020ac0000)]
  0x000000001b9a1800 JavaThread "jar transforms Thread 7" [_thread_blocked, id=17172, stack(0x00000000208c0000,0x00000000209c0000)]
  0x000000001b9a5800 JavaThread "jar transforms Thread 6" [_thread_blocked, id=8892, stack(0x00000000207c0000,0x00000000208c0000)]
  0x000000001b9a4000 JavaThread "jar transforms Thread 5" [_thread_blocked, id=14284, stack(0x00000000206c0000,0x00000000207c0000)]
  0x000000001b9a4800 JavaThread "jar transforms Thread 4" [_thread_blocked, id=14040, stack(0x00000000205c0000,0x00000000206c0000)]
  0x000000001b9a2800 JavaThread "jar transforms Thread 3" [_thread_blocked, id=9032, stack(0x00000000204c0000,0x00000000205c0000)]
  0x000000001b9a0800 JavaThread "jar transforms Thread 2" [_thread_blocked, id=15768, stack(0x00000000203c0000,0x00000000204c0000)]
  0x000000001b999800 JavaThread "Build operations Thread 8" [_thread_blocked, id=6356, stack(0x00000000200c0000,0x00000000201c0000)]
  0x000000001b99a800 JavaThread "Build operations Thread 7" [_thread_blocked, id=18324, stack(0x000000001ffc0000,0x00000000200c0000)]
  0x000000001b99f000 JavaThread "Build operations Thread 6" [_thread_blocked, id=18052, stack(0x000000001fec0000,0x000000001ffc0000)]
  0x000000001b99e800 JavaThread "Build operations Thread 5" [_thread_blocked, id=11912, stack(0x000000001fdc0000,0x000000001fec0000)]
  0x000000001b999000 JavaThread "Build operations Thread 4" [_thread_blocked, id=15960, stack(0x000000001fcc0000,0x000000001fdc0000)]
  0x000000001b9a0000 JavaThread "Build operations Thread 3" [_thread_blocked, id=17588, stack(0x000000001fbc0000,0x000000001fcc0000)]
  0x000000001b99d800 JavaThread "Build operations Thread 2" [_thread_blocked, id=10776, stack(0x000000001fac0000,0x000000001fbc0000)]
  0x000000001b99c000 JavaThread "Build operations" [_thread_blocked, id=14224, stack(0x000000001f9c0000,0x000000001fac0000)]
  0x000000001b99d000 JavaThread "Cache worker for Build Output Cleanup Cache (G:\rabbit_git\whiterabbit\android\.gradle\buildOutputCleanup)" [_thread_blocked, id=13964, stack(0x000000001f8c0000,0x000000001f9c0000)]
  0x000000001b99b000 JavaThread "Cache worker for file content cache (C:\Users\WIN\.gradle\caches\6.9\fileContent)" [_thread_blocked, id=7852, stack(0x000000001f1c0000,0x000000001f2c0000)]
  0x0000000018c27800 JavaThread "jar transforms" [_thread_blocked, id=15244, stack(0x000000001eec0000,0x000000001efc0000)]
  0x0000000018c26000 JavaThread "Cache worker for execution history cache (C:\Users\WIN\.gradle\caches\6.9\executionHistory)" [_thread_blocked, id=17748, stack(0x000000001e530000,0x000000001e630000)]
  0x0000000018c25000 JavaThread "Cache worker for cache directory md-rule (C:\Users\WIN\.gradle\caches\6.9\md-rule)" [_thread_blocked, id=17680, stack(0x000000001e430000,0x000000001e530000)]
  0x0000000018c24000 JavaThread "Cache worker for cache directory md-supplier (C:\Users\WIN\.gradle\caches\6.9\md-supplier)" [_thread_blocked, id=17360, stack(0x000000001e130000,0x000000001e230000)]
  0x0000000018c22800 JavaThread "Cache worker for checksums cache (G:\rabbit_git\whiterabbit\android\.gradle\checksums)" [_thread_blocked, id=17808, stack(0x000000001e030000,0x000000001e130000)]
  0x0000000018c21000 JavaThread "Cache worker for file hash cache (G:\rabbit_git\whiterabbit\android\.gradle\6.9\fileHashes)" [_thread_blocked, id=13088, stack(0x000000001df30000,0x000000001e030000)]
  0x0000000018c22000 JavaThread "Cache worker for journal cache (C:\Users\WIN\.gradle\caches\journal-1)" [_thread_blocked, id=18116, stack(0x000000001a9f0000,0x000000001aaf0000)]
  0x0000000018c23800 JavaThread "File lock request listener" [_thread_in_native, id=18004, stack(0x000000001a8f0000,0x000000001a9f0000)]
  0x0000000018c20800 JavaThread "Cache worker for file hash cache (C:\Users\WIN\.gradle\caches\6.9\fileHashes)" [_thread_blocked, id=17972, stack(0x000000001a7f0000,0x000000001a8f0000)]
  0x0000000018c3c800 JavaThread "Daemon client event forwarder" [_thread_blocked, id=18084, stack(0x000000001a4f0000,0x000000001a5f0000)]
  0x0000000018c3b800 JavaThread "Stdin handler" [_thread_blocked, id=18076, stack(0x000000001a3f0000,0x000000001a4f0000)]
  0x0000000018c58000 JavaThread "Asynchronous log dispatcher for DefaultDaemonConnection: socket connection from /127.0.0.1:51518 to /127.0.0.1:51519" [_thread_blocked, id=3960, stack(0x000000001a1f0000,0x000000001a2f0000)]
  0x0000000018c44800 JavaThread "Daemon worker" [_thread_blocked, id=18400, stack(0x000000001a0f0000,0x000000001a1f0000)]
  0x000000001829c000 JavaThread "Cancel handler" [_thread_blocked, id=14176, stack(0x0000000019ff0000,0x000000001a0f0000)]
  0x0000000018299800 JavaThread "Handler for socket connection from /127.0.0.1:51518 to /127.0.0.1:51519" [_thread_in_native, id=17828, stack(0x0000000019cf0000,0x0000000019df0000)]
  0x0000000018298000 JavaThread "Daemon" [_thread_blocked, id=16312, stack(0x0000000019bf0000,0x0000000019cf0000)]
  0x000000001826c800 JavaThread "Daemon periodic checks" [_thread_blocked, id=12456, stack(0x0000000018b20000,0x0000000018c20000)]
  0x000000001820a800 JavaThread "Incoming local TCP Connector on port 51518" [_thread_in_native, id=3372, stack(0x00000000188e0000,0x00000000189e0000)]
  0x0000000018125800 JavaThread "Daemon health stats" [_thread_blocked, id=15972, stack(0x00000000184a0000,0x00000000185a0000)]
  0x0000000015c8d000 JavaThread "Service Thread" daemon [_thread_blocked, id=17840, stack(0x00000000168d0000,0x00000000169d0000)]
  0x0000000015c03800 JavaThread "C1 CompilerThread3" daemon [_thread_blocked, id=7432, stack(0x00000000167d0000,0x00000000168d0000)]
  0x0000000015bfd000 JavaThread "C2 CompilerThread2" daemon [_thread_in_native, id=17312, stack(0x00000000166d0000,0x00000000167d0000)]
  0x0000000015bf9000 JavaThread "C2 CompilerThread1" daemon [_thread_in_native, id=8488, stack(0x00000000165d0000,0x00000000166d0000)]
=>0x0000000015bf4800 JavaThread "C2 CompilerThread0" daemon [_thread_in_native, id=17900, stack(0x00000000164d0000,0x00000000165d0000)]
  0x0000000015bef000 JavaThread "Attach Listener" daemon [_thread_blocked, id=18388, stack(0x00000000163d0000,0x00000000164d0000)]
  0x0000000015bee000 JavaThread "Signal Dispatcher" daemon [_thread_blocked, id=17744, stack(0x00000000162d0000,0x00000000163d0000)]
  0x0000000013ded000 JavaThread "Finalizer" daemon [_thread_blocked, id=7240, stack(0x00000000160c0000,0x00000000161c0000)]
  0x0000000015be0800 JavaThread "Reference Handler" daemon [_thread_blocked, id=16432, stack(0x0000000015fc0000,0x00000000160c0000)]
  0x0000000002522800 JavaThread "main" [_thread_blocked, id=10820, stack(0x0000000002420000,0x0000000002520000)]

Other Threads:
  0x0000000013de7000 VMThread [stack: 0x0000000015ac0000,0x0000000015bc0000] [id=14052]
  0x0000000015c8e800 WatcherThread [stack: 0x00000000169d0000,0x0000000016ad0000] [id=11240]

VM state:not at safepoint (normal execution)

VM Mutex/Monitor currently owned by a thread: None

heap address: 0x00000000e0000000, size: 512 MB, Compressed Oops mode: 32-bit
Narrow klass base: 0x0000000000000000, Narrow klass shift: 3
Compressed class space size: 1073741824 Address: 0x0000000100000000

Heap:
 PSYoungGen      total 128000K, used 85168K [0x00000000f5580000, 0x00000000ffe00000, 0x0000000100000000)
  eden space 110080K, 61% used [0x00000000f5580000,0x00000000f9732da8,0x00000000fc100000)
  from space 17920K, 99% used [0x00000000fc100000,0x00000000fd279480,0x00000000fd280000)
  to   space 30720K, 0% used [0x00000000fe000000,0x00000000fe000000,0x00000000ffe00000)
 ParOldGen       total 246272K, used 85198K [0x00000000e0000000, 0x00000000ef080000, 0x00000000f5580000)
  object space 246272K, 34% used [0x00000000e0000000,0x00000000e5333ba8,0x00000000ef080000)
 Metaspace       used 102283K, capacity 107452K, committed 107736K, reserved 1142784K
  class space    used 13588K, capacity 14718K, committed 14848K, reserved 1048576K

Card table byte_map: [0x00000000119e0000,0x0000000011af0000] byte_map_base: 0x00000000112e0000

Marking Bits: (ParMarkBitMap*) 0x00000000591d2480
 Begin Bits: [0x00000000122f0000, 0x0000000012af0000)
 End Bits:   [0x0000000012af0000, 0x00000000132f0000)

Polling page: 0x00000000022e0000

CodeCache: size=245760Kb used=47491Kb max_used=48664Kb free=198268Kb
 bounds [0x0000000002620000, 0x0000000005610000, 0x0000000011620000]
 total_blobs=15565 nmethods=14654 adapters=822
 compilation: enabled

Compilation events (10 events):
Event: 54.398 Thread 0x0000000015c03800 nmethod 17746 0x0000000004c6d6d0 code [0x0000000004c6d820, 0x0000000004c6d9f0]
Event: 54.398 Thread 0x0000000015c03800 17747       3       org.jetbrains.kotlin.daemon.common.ReportCategory::values (10 bytes)
Event: 54.398 Thread 0x0000000015c03800 nmethod 17747 0x0000000005067d90 code [0x0000000005067f00, 0x00000000050681e8]
Event: 54.399 Thread 0x0000000015bfd000 17748       4       java.io.ObjectInputStream::readClassDesc (132 bytes)
Event: 54.399 Thread 0x0000000015c03800 17749       3       org.jetbrains.kotlin.daemon.common.ReportCategory$Companion::fromCode (68 bytes)
Event: 54.400 Thread 0x0000000015c03800 nmethod 17749 0x0000000004f20d10 code [0x0000000004f20ea0, 0x0000000004f21408]
Event: 54.401 Thread 0x0000000015c03800 17750       3       java.io.ObjectInputStream::verifySubclass (99 bytes)
Event: 54.403 Thread 0x0000000015c03800 nmethod 17750 0x00000000032f8410 code [0x00000000032f86c0, 0x00000000032f99f8]
Event: 54.403 Thread 0x0000000015c03800 17751       3       java.io.ObjectInputStream$HandleTable::<init> (38 bytes)
Event: 54.403 Thread 0x0000000015c03800 nmethod 17751 0x0000000002ab8890 code [0x0000000002ab8a00, 0x0000000002ab8d90]

GC Heap History (10 events):
Event: 30.754 GC heap before
{Heap before GC invocations=21 (full 3):
 PSYoungGen      total 143360K, used 131678K [0x00000000f5580000, 0x0000000100000000, 0x0000000100000000)
  eden space 115200K, 100% used [0x00000000f5580000,0x00000000fc600000,0x00000000fc600000)
  from space 28160K, 58% used [0x00000000fc600000,0x00000000fd617a08,0x00000000fe180000)
  to   space 27136K, 0% used [0x00000000fe580000,0x00000000fe580000,0x0000000100000000)
 ParOldGen       total 180224K, used 72645K [0x00000000e0000000, 0x00000000eb000000, 0x00000000f5580000)
  object space 180224K, 40% used [0x00000000e0000000,0x00000000e46f1778,0x00000000eb000000)
 Metaspace       used 90973K, capacity 96226K, committed 96472K, reserved 1132544K
  class space    used 12193K, capacity 13260K, committed 13312K, reserved 1048576K
Event: 30.773 GC heap after
Heap after GC invocations=21 (full 3):
 PSYoungGen      total 143360K, used 23515K [0x00000000f5580000, 0x0000000100000000, 0x0000000100000000)
  eden space 116224K, 0% used [0x00000000f5580000,0x00000000f5580000,0x00000000fc700000)
  from space 27136K, 86% used [0x00000000fe580000,0x00000000ffc76f80,0x0000000100000000)
  to   space 29184K, 0% used [0x00000000fc700000,0x00000000fc700000,0x00000000fe380000)
 ParOldGen       total 180224K, used 72653K [0x00000000e0000000, 0x00000000eb000000, 0x00000000f5580000)
  object space 180224K, 40% used [0x00000000e0000000,0x00000000e46f3778,0x00000000eb000000)
 Metaspace       used 90973K, capacity 96226K, committed 96472K, reserved 1132544K
  class space    used 12193K, capacity 13260K, committed 13312K, reserved 1048576K
}
Event: 31.812 GC heap before
{Heap before GC invocations=22 (full 3):
 PSYoungGen      total 143360K, used 139739K [0x00000000f5580000, 0x0000000100000000, 0x0000000100000000)
  eden space 116224K, 100% used [0x00000000f5580000,0x00000000fc700000,0x00000000fc700000)
  from space 27136K, 86% used [0x00000000fe580000,0x00000000ffc76f80,0x0000000100000000)
  to   space 29184K, 0% used [0x00000000fc700000,0x00000000fc700000,0x00000000fe380000)
 ParOldGen       total 180224K, used 72653K [0x00000000e0000000, 0x00000000eb000000, 0x00000000f5580000)
  object space 180224K, 40% used [0x00000000e0000000,0x00000000e46f3778,0x00000000eb000000)
 Metaspace       used 92722K, capacity 98032K, committed 98264K, reserved 1134592K
  class space    used 12419K, capacity 13549K, committed 13568K, reserved 1048576K
Event: 31.828 GC heap after
Heap after GC invocations=22 (full 3):
 PSYoungGen      total 140800K, used 24464K [0x00000000f5580000, 0x0000000100000000, 0x0000000100000000)
  eden space 116224K, 0% used [0x00000000f5580000,0x00000000f5580000,0x00000000fc700000)
  from space 24576K, 99% used [0x00000000fc700000,0x00000000fdee4080,0x00000000fdf00000)
  to   space 31232K, 0% used [0x00000000fe180000,0x00000000fe180000,0x0000000100000000)
 ParOldGen       total 180224K, used 72661K [0x00000000e0000000, 0x00000000eb000000, 0x00000000f5580000)
  object space 180224K, 40% used [0x00000000e0000000,0x00000000e46f5778,0x00000000eb000000)
 Metaspace       used 92722K, capacity 98032K, committed 98264K, reserved 1134592K
  class space    used 12419K, capacity 13549K, committed 13568K, reserved 1048576K
}
Event: 31.854 GC heap before
{Heap before GC invocations=23 (full 3):
 PSYoungGen      total 140800K, used 26009K [0x00000000f5580000, 0x0000000100000000, 0x0000000100000000)
  eden space 116224K, 1% used [0x00000000f5580000,0x00000000f5702738,0x00000000fc700000)
  from space 24576K, 99% used [0x00000000fc700000,0x00000000fdee4080,0x00000000fdf00000)
  to   space 31232K, 0% used [0x00000000fe180000,0x00000000fe180000,0x0000000100000000)
 ParOldGen       total 180224K, used 72661K [0x00000000e0000000, 0x00000000eb000000, 0x00000000f5580000)
  object space 180224K, 40% used [0x00000000e0000000,0x00000000e46f5778,0x00000000eb000000)
 Metaspace       used 93040K, capacity 98346K, committed 98496K, reserved 1134592K
  class space    used 12462K, capacity 13585K, committed 13696K, reserved 1048576K
Event: 31.869 GC heap after
Heap after GC invocations=23 (full 3):
 PSYoungGen      total 141312K, used 23776K [0x00000000f5580000, 0x0000000100000000, 0x0000000100000000)
  eden space 110080K, 0% used [0x00000000f5580000,0x00000000f5580000,0x00000000fc100000)
  from space 31232K, 76% used [0x00000000fe180000,0x00000000ff8b80b0,0x0000000100000000)
  to   space 32256K, 0% used [0x00000000fc100000,0x00000000fc100000,0x00000000fe080000)
 ParOldGen       total 180224K, used 72669K [0x00000000e0000000, 0x00000000eb000000, 0x00000000f5580000)
  object space 180224K, 40% used [0x00000000e0000000,0x00000000e46f7778,0x00000000eb000000)
 Metaspace       used 93040K, capacity 98346K, committed 98496K, reserved 1134592K
  class space    used 12462K, capacity 13585K, committed 13696K, reserved 1048576K
}
Event: 31.869 GC heap before
{Heap before GC invocations=24 (full 4):
 PSYoungGen      total 141312K, used 23776K [0x00000000f5580000, 0x0000000100000000, 0x0000000100000000)
  eden space 110080K, 0% used [0x00000000f5580000,0x00000000f5580000,0x00000000fc100000)
  from space 31232K, 76% used [0x00000000fe180000,0x00000000ff8b80b0,0x0000000100000000)
  to   space 32256K, 0% used [0x00000000fc100000,0x00000000fc100000,0x00000000fe080000)
 ParOldGen       total 180224K, used 72669K [0x00000000e0000000, 0x00000000eb000000, 0x00000000f5580000)
  object space 180224K, 40% used [0x00000000e0000000,0x00000000e46f7778,0x00000000eb000000)
 Metaspace       used 93040K, capacity 98346K, committed 98496K, reserved 1134592K
  class space    used 12462K, capacity 13585K, committed 13696K, reserved 1048576K
Event: 32.080 GC heap after
Heap after GC invocations=24 (full 4):
 PSYoungGen      total 141312K, used 0K [0x00000000f5580000, 0x0000000100000000, 0x0000000100000000)
  eden space 110080K, 0% used [0x00000000f5580000,0x00000000f5580000,0x00000000fc100000)
  from space 31232K, 0% used [0x00000000fe180000,0x00000000fe180000,0x0000000100000000)
  to   space 32256K, 0% used [0x00000000fc100000,0x00000000fc100000,0x00000000fe080000)
 ParOldGen       total 246272K, used 85190K [0x00000000e0000000, 0x00000000ef080000, 0x00000000f5580000)
  object space 246272K, 34% used [0x00000000e0000000,0x00000000e5331ba8,0x00000000ef080000)
 Metaspace       used 92846K, capacity 97758K, committed 98496K, reserved 1134592K
  class space    used 12399K, capacity 13477K, committed 13696K, reserved 1048576K
}
Event: 34.456 GC heap before
{Heap before GC invocations=25 (full 4):
 PSYoungGen      total 141312K, used 110080K [0x00000000f5580000, 0x0000000100000000, 0x0000000100000000)
  eden space 110080K, 100% used [0x00000000f5580000,0x00000000fc100000,0x00000000fc100000)
  from space 31232K, 0% used [0x00000000fe180000,0x00000000fe180000,0x0000000100000000)
  to   space 32256K, 0% used [0x00000000fc100000,0x00000000fc100000,0x00000000fe080000)
 ParOldGen       total 246272K, used 85190K [0x00000000e0000000, 0x00000000ef080000, 0x00000000f5580000)
  object space 246272K, 34% used [0x00000000e0000000,0x00000000e5331ba8,0x00000000ef080000)
 Metaspace       used 98972K, capacity 104018K, committed 104664K, reserved 1140736K
  class space    used 13107K, capacity 14219K, committed 14336K, reserved 1048576K
Event: 34.476 GC heap after
Heap after GC invocations=25 (full 4):
 PSYoungGen      total 128000K, used 17893K [0x00000000f5580000, 0x00000000ffe00000, 0x0000000100000000)
  eden space 110080K, 0% used [0x00000000f5580000,0x00000000f5580000,0x00000000fc100000)
  from space 17920K, 99% used [0x00000000fc100000,0x00000000fd279480,0x00000000fd280000)
  to   space 30720K, 0% used [0x00000000fe000000,0x00000000fe000000,0x00000000ffe00000)
 ParOldGen       total 246272K, used 85198K [0x00000000e0000000, 0x00000000ef080000, 0x00000000f5580000)
  object space 246272K, 34% used [0x00000000e0000000,0x00000000e5333ba8,0x00000000ef080000)
 Metaspace       used 98972K, capacity 104018K, committed 104664K, reserved 1140736K
  class space    used 13107K, capacity 14219K, committed 14336K, reserved 1048576K
}

Deoptimization events (10 events):
Event: 36.210 Thread 0x000000001b70e800 Uncommon trap: reason=predicate action=maybe_recompile pc=0x00000000052c8c4c method=java.util.ComparableTimSort.reverseRange([Ljava/lang/Object;II)V @ 8
Event: 36.221 Thread 0x000000001b70e800 Uncommon trap: reason=class_check action=maybe_recompile pc=0x0000000004ab409c method=java.io.ObjectInputStream$PeekInputStream.read([BII)I @ 20
Event: 36.237 Thread 0x000000001b70e800 Uncommon trap: reason=array_check action=maybe_recompile pc=0x000000000281a290 method=java.util.TimSort.binarySort([Ljava/lang/Object;IIILjava/util/Comparator;)V @ 215
Event: 36.237 Thread 0x000000001b70e800 Uncommon trap: reason=array_check action=maybe_recompile pc=0x000000000281a290 method=java.util.TimSort.binarySort([Ljava/lang/Object;IIILjava/util/Comparator;)V @ 215
Event: 36.238 Thread 0x000000001b70e800 Uncommon trap: reason=unstable_if action=reinterpret pc=0x0000000003627760 method=kotlin.text.StringsKt__StringsKt.trim(Ljava/lang/CharSequence;)Ljava/lang/CharSequence; @ 28
Event: 36.253 Thread 0x000000001b70e800 Uncommon trap: reason=unstable_if action=reinterpret pc=0x0000000004bf42dc method=java.lang.String.valueOf(Ljava/lang/Object;)Ljava/lang/String; @ 1
Event: 36.262 Thread 0x000000001b70e800 Uncommon trap: reason=unstable_if action=reinterpret pc=0x000000000430fb78 method=java.io.ObjectOutputStream$BlockDataOutputStream.writeBytes(Ljava/lang/String;)V @ 22
Event: 36.310 Thread 0x000000001bae2800 Uncommon trap: reason=class_check action=maybe_recompile pc=0x00000000037f7d88 method=java.lang.ThreadLocal.set(Ljava/lang/Object;)V @ 26
Event: 54.263 Thread 0x000000001bae2800 Uncommon trap: reason=unstable_if action=reinterpret pc=0x000000000433cfac method=java.io.ObjectInputStream$BlockDataInputStream.readUTFSpan(Ljava/lang/StringBuilder;J)J @ 35
Event: 54.359 Thread 0x000000001bae2800 Uncommon trap: reason=unstable_if action=reinterpret pc=0x00000000031ae014 method=java.io.ObjectInputStream$BlockDataInputStream.readUTFBody(J)Ljava/lang/String; @ 126

Classes redefined (0 events):
No events

Internal exceptions (10 events):
Event: 36.184 Thread 0x000000001b70e800 Exception <a 'java/lang/NoSuchMethodError': <clinit>> (0x00000000f8e3cb00) thrown at [C:\tmp\build-8-cpu\jdk8u\hotspot\src\share\vm\prims\jni.cpp, line 1616]
Event: 36.210 Thread 0x000000001b70e800 Exception <a 'java/lang/NoSuchMethodError': <clinit>> (0x00000000f8e5dbc8) thrown at [C:\tmp\build-8-cpu\jdk8u\hotspot\src\share\vm\prims\jni.cpp, line 1616]
Event: 36.211 Thread 0x000000001b70e800 Exception <a 'java/lang/NoSuchMethodError': <clinit>> (0x00000000f8e87e38) thrown at [C:\tmp\build-8-cpu\jdk8u\hotspot\src\share\vm\prims\jni.cpp, line 1616]
Event: 36.222 Thread 0x000000001badf000 Exception <a 'java/lang/InterruptedException'> (0x00000000f8e9fec8) thrown at [C:\tmp\build-8-cpu\jdk8u\hotspot\src\share\vm\runtime\objectMonitor.cpp, line 1692]
Event: 36.236 Thread 0x000000001b70e800 Exception <a 'java/lang/NoSuchMethodError': <clinit>> (0x00000000f8ee99c8) thrown at [C:\tmp\build-8-cpu\jdk8u\hotspot\src\share\vm\prims\jni.cpp, line 1616]
Event: 36.237 Thread 0x000000001b70e800 Exception <a 'java/lang/NoSuchMethodError': <clinit>> (0x00000000f8ef9008) thrown at [C:\tmp\build-8-cpu\jdk8u\hotspot\src\share\vm\prims\jni.cpp, line 1616]
Event: 36.237 Thread 0x000000001b70e800 Exception <a 'java/lang/NoSuchMethodError': <clinit>> (0x00000000f8f09ed0) thrown at [C:\tmp\build-8-cpu\jdk8u\hotspot\src\share\vm\prims\jni.cpp, line 1616]
Event: 36.242 Thread 0x000000001b70e800 Exception <a 'java/lang/NoSuchMethodError': <clinit>> (0x00000000f8f3d448) thrown at [C:\tmp\build-8-cpu\jdk8u\hotspot\src\share\vm\prims\jni.cpp, line 1616]
Event: 36.262 Thread 0x000000001b70e800 Exception <a 'java/lang/NoSuchMethodError': <clinit>> (0x00000000f9201f28) thrown at [C:\tmp\build-8-cpu\jdk8u\hotspot\src\share\vm\prims\jni.cpp, line 1616]
Event: 36.266 Thread 0x000000001b70e800 Exception <a 'java/lang/NoSuchMethodError': <clinit>> (0x00000000f9287290) thrown at [C:\tmp\build-8-cpu\jdk8u\hotspot\src\share\vm\prims\jni.cpp, line 1616]

Events (10 events):
Event: 54.361 loading class org/jetbrains/kotlin/cli/common/messages/CompilerMessageLocationWithRange
Event: 54.361 loading class org/jetbrains/kotlin/cli/common/messages/CompilerMessageLocationWithRange done
Event: 54.362 Executing VM operation: RevokeBias
Event: 54.362 Executing VM operation: RevokeBias done
Event: 54.363 Executing VM operation: RevokeBias
Event: 54.363 Executing VM operation: RevokeBias done
Event: 54.363 loading class org/jetbrains/kotlin/cli/common/messages/CompilerMessageSourceLocation
Event: 54.363 loading class org/jetbrains/kotlin/cli/common/messages/CompilerMessageSourceLocation done
Event: 54.364 loading class org/jetbrains/kotlin/cli/common/messages/CompilerMessageLocationWithRange$Companion
Event: 54.364 loading class org/jetbrains/kotlin/cli/common/messages/CompilerMessageLocationWithRange$Companion done


Dynamic libraries:
0x00007ff7efd00000 - 0x00007ff7efd35000 	C:\Program Files\OpenJDK\openjdk-8u312-b07\bin\java.exe
0x00007ffc3f230000 - 0x00007ffc3f425000 	C:\WINDOWS\SYSTEM32\ntdll.dll
0x00007ffc3e3d0000 - 0x00007ffc3e48e000 	C:\WINDOWS\System32\KERNEL32.DLL
0x00007ffc3cd70000 - 0x00007ffc3d038000 	C:\WINDOWS\System32\KERNELBASE.dll
0x00007ffc3e1f0000 - 0x00007ffc3e29c000 	C:\WINDOWS\System32\ADVAPI32.dll
0x00007ffc3f150000 - 0x00007ffc3f1ee000 	C:\WINDOWS\System32\msvcrt.dll
0x00007ffc3e150000 - 0x00007ffc3e1eb000 	C:\WINDOWS\System32\sechost.dll
0x00007ffc3ded0000 - 0x00007ffc3dffa000 	C:\WINDOWS\System32\RPCRT4.dll
0x00007ffc3e5f0000 - 0x00007ffc3e791000 	C:\WINDOWS\System32\USER32.dll
0x00007ffc3cb00000 - 0x00007ffc3cb22000 	C:\WINDOWS\System32\win32u.dll
0x00007ffc3e2a0000 - 0x00007ffc3e2cb000 	C:\WINDOWS\System32\GDI32.dll
0x00007ffc3c950000 - 0x00007ffc3ca5b000 	C:\WINDOWS\System32\gdi32full.dll
0x00007ffc3ca60000 - 0x00007ffc3cafd000 	C:\WINDOWS\System32\msvcp_win.dll
0x00007ffc3cc70000 - 0x00007ffc3cd70000 	C:\WINDOWS\System32\ucrtbase.dll
0x00007ffc2b740000 - 0x00007ffc2b9da000 	C:\WINDOWS\WinSxS\amd64_microsoft.windows.common-controls_6595b64144ccf1df_6.0.19041.1110_none_60b5254171f9507e\COMCTL32.dll
0x00007ffc3e000000 - 0x00007ffc3e030000 	C:\WINDOWS\System32\IMM32.DLL
0x0000000059260000 - 0x0000000059332000 	C:\Program Files\OpenJDK\openjdk-8u312-b07\jre\bin\msvcr100.dll
0x00000000589c0000 - 0x0000000059254000 	C:\Program Files\OpenJDK\openjdk-8u312-b07\jre\bin\server\jvm.dll
0x00007ffc3f110000 - 0x00007ffc3f118000 	C:\WINDOWS\System32\PSAPI.DLL
0x00007ffc35150000 - 0x00007ffc35177000 	C:\WINDOWS\SYSTEM32\WINMM.dll
0x00007ffc36a60000 - 0x00007ffc36a6a000 	C:\WINDOWS\SYSTEM32\VERSION.dll
0x00007ffc28260000 - 0x00007ffc28269000 	C:\WINDOWS\SYSTEM32\WSOCK32.dll
0x00007ffc3f0a0000 - 0x00007ffc3f10b000 	C:\WINDOWS\System32\WS2_32.dll
0x00007ffc335b0000 - 0x00007ffc335bf000 	C:\Program Files\OpenJDK\openjdk-8u312-b07\jre\bin\verify.dll
0x00007ffc2a350000 - 0x00007ffc2a379000 	C:\Program Files\OpenJDK\openjdk-8u312-b07\jre\bin\java.dll
0x00007ffc334c0000 - 0x00007ffc334d6000 	C:\Program Files\OpenJDK\openjdk-8u312-b07\jre\bin\zip.dll
0x00007ffc3e7a0000 - 0x00007ffc3eedf000 	C:\WINDOWS\System32\SHELL32.dll
0x00007ffc3aa50000 - 0x00007ffc3b1e0000 	C:\WINDOWS\SYSTEM32\windows.storage.dll
0x00007ffc3db70000 - 0x00007ffc3dec5000 	C:\WINDOWS\System32\combase.dll
0x00007ffc3c2d0000 - 0x00007ffc3c2fe000 	C:\WINDOWS\SYSTEM32\Wldp.dll
0x00007ffc3e540000 - 0x00007ffc3e5ed000 	C:\WINDOWS\System32\SHCORE.dll
0x00007ffc3e2e0000 - 0x00007ffc3e335000 	C:\WINDOWS\System32\shlwapi.dll
0x00007ffc3c890000 - 0x00007ffc3c8af000 	C:\WINDOWS\SYSTEM32\profapi.dll
0x00007ffc29830000 - 0x00007ffc2984b000 	C:\Program Files\OpenJDK\openjdk-8u312-b07\jre\bin\net.dll
0x00007ffc3c030000 - 0x00007ffc3c09a000 	C:\WINDOWS\system32\mswsock.dll
0x00007ffc29810000 - 0x00007ffc29821000 	C:\Program Files\OpenJDK\openjdk-8u312-b07\jre\bin\nio.dll
0x00007ffc15730000 - 0x00007ffc15757000 	C:\Users\WIN\.gradle\native\49d0259a56938c7f99b2704e745ce422c4f750a7a20b539a32ccef96729676b1\windows-amd64\native-platform.dll
0x00007ffbeb7e0000 - 0x00007ffbeb976000 	C:\Users\WIN\.gradle\native\12488b8bf47d2d4c9fbf2f6322a914ad602e24e48041cd04a747c6da556b65c4\windows-amd64\native-platform-file-events.dll
0x00007ffc2ce40000 - 0x00007ffc2ce4d000 	C:\Program Files\OpenJDK\openjdk-8u312-b07\jre\bin\management.dll
0x00007ffc3c230000 - 0x00007ffc3c248000 	C:\WINDOWS\SYSTEM32\CRYPTSP.dll
0x00007ffc3b9b0000 - 0x00007ffc3b9e4000 	C:\WINDOWS\system32\rsaenh.dll
0x00007ffc3d090000 - 0x00007ffc3d0b7000 	C:\WINDOWS\System32\bcrypt.dll
0x00007ffc3c810000 - 0x00007ffc3c83e000 	C:\WINDOWS\SYSTEM32\USERENV.dll
0x00007ffc3cbe0000 - 0x00007ffc3cc63000 	C:\WINDOWS\System32\bcryptprimitives.dll
0x00007ffc3c220000 - 0x00007ffc3c22c000 	C:\WINDOWS\SYSTEM32\CRYPTBASE.dll
0x00007ffc3bd20000 - 0x00007ffc3bd5b000 	C:\WINDOWS\SYSTEM32\IPHLPAPI.DLL
0x00007ffc3f120000 - 0x00007ffc3f128000 	C:\WINDOWS\System32\NSI.dll
0x00007ffc37630000 - 0x00007ffc37647000 	C:\WINDOWS\SYSTEM32\dhcpcsvc6.DLL
0x00007ffc37610000 - 0x00007ffc3762d000 	C:\WINDOWS\SYSTEM32\dhcpcsvc.DLL
0x00007ffc3bd60000 - 0x00007ffc3be2b000 	C:\WINDOWS\SYSTEM32\DNSAPI.dll
0x00007ffc3b620000 - 0x00007ffc3b653000 	C:\WINDOWS\SYSTEM32\ntmarta.dll
0x00007ffc295a0000 - 0x00007ffc295be000 	C:\Users\WIN\AppData\Local\Temp\native-platform7722926365231820950dir\native-platform.dll
0x00007ffc3a190000 - 0x00007ffc3a220000 	C:\WINDOWS\system32\apphelp.dll

VM Arguments:
jvm_args: -XX:MaxMetaspaceSize=256m -XX:+HeapDumpOnOutOfMemoryError -Xms256m -Xmx512m -Dfile.encoding=windows-1252 -Duser.country=IN -Duser.language=en -Duser.variant 
java_command: org.gradle.launcher.daemon.bootstrap.GradleDaemon 6.9
java_class_path (initial): C:\Users\WIN\.gradle\wrapper\dists\gradle-6.9-all\dooywd8nv05k16orzxge2b1bs\gradle-6.9\lib\gradle-launcher-6.9.jar
Launcher Type: SUN_STANDARD

Environment Variables:
JAVA_HOME=C:\Program Files\OpenJDK\openjdk-8u312-b07
CLASSPATH=G:\rabbit_git\whiterabbit\android\\gradle\wrapper\gradle-wrapper.jar
PATH=G:\rabbit_git\whiterabbit\android\node_modules\.bin;G:\rabbit_git\whiterabbit\node_modules\.bin;G:\rabbit_git\node_modules\.bin;G:\node_modules\.bin;C:\Program Files\nodejs;C:\Program Files\Git\mingw64\bin;C:\Program Files\Git\usr\bin;C:\Users\WIN\bin;C:\Python310\Scripts;C:\Python310;C:\Program Files (x86)\Common Files\Oracle\Java\javapath;C:\Windows\system32;C:\Windows;C:\Windows\System32\Wbem;C:\Windows\System32\WindowsPowerShell\v1.0;C:\Windows\System32\OpenSSH;C:\Program Files\Git\cmd;C:\Program Files\Git\mingw64\bin;C:\Program Files\Git\usr\bin;C:\Program Files (x86)\Java\jre1.8.0_201\bin;D:\mongoDB\bin;C:\Users\WIN\AppData\Local\Microsoft\WindowsApps;C:\Users\WIN\AppData\Roaming\npm;C:\Microsoft VS Code\bin;C:\Users\WIN\adb;C:\adb;D:\Program Files\MongoDB\Server\4.0\bin;C:\xampp\php;C:\WINDOWS\system32;C:\WINDOWS;C:\WINDOWS\System32\Wbem;C:\WINDOWS\System32\WindowsPowerShell\v1.0;C:\WINDOWS\System32\OpenSSH;C:\Program Files (x86)\dotnet;C:\Program Files\PostgreSQL\10\lib;C:\Program Files\PostgreSQL\10\bin;C:\ProgramData\chocolatey\bin;C:\Program Files\OpenJDK\openjdk-8u312-b07\bin;C:\Program Files\nodejs;C:\Users\WIN\AppData\Roaming\npm;C:\Program Files (x86)\Common Files\Oracle\Java\javapath;C:\Windows\system32;C:\Windows;C:\Windows\System32\Wbem;C:\Windows\System32\WindowsPowerShell\v1.0;C:\Windows\System32\OpenSSH;C:\Program Files\nodejs;C:\Program Files\Git\cmd;C:\Program Files\Git\mingw64\bin;C:\Program Files\Git\usr\bin;C:\Program Files (x86)\Java\jre1.8.0_201\bin;C:\Users\WIN\AppData\Local\Microsoft\WindowsApps;C:\Microsoft VS Code\bin;C:\Users\WIN\adb;C:\Users\WIN\AppData\Local\atom\bin;C:\Program Files\MongoDB\Server\4.0\bin;C:\Users\WIN\AppData\Local\Microsoft\WindowsApps;C:\Program Files\PostgreSQL\10\bin;C:\Program Files\PostgreSQL\10\lib;C:\Users\WIN\AppData\Roaming\npm
USERNAME=WIN
OS=Windows_NT
PROCESSOR_IDENTIFIER=AMD64 Family 23 Model 17 Stepping 0, AuthenticAMD



---------------  S Y S T E M  ---------------

OS: Windows 10.0 , 64 bit Build 19041 (10.0.19041.1348)

CPU:total 8 (initial active 8) (8 cores per cpu, 1 threads per core) family 23 model 17 stepping 0, cmov, cx8, fxsr, mmx, sse, sse2, sse3, ssse3, sse4.1, sse4.2, popcnt, avx, avx2, aes, clmul, mmxext, 3dnowpref, lzcnt, sse4a, tsc, tscinvbit, tscinv, bmi1

Memory: 4k page, physical 7287008k(609984k free), swap 16617820k(3472k free)

vm_info: OpenJDK 64-Bit Server VM (25.312-b07) for windows-amd64 JRE (1.8.0_312-b07), built on Oct 15 2021 11:47:12 by "build" with MS VC++ 10.0 (VS2010)

time: Sat Dec 04 15:05:33 2021
timezone: India Standard Time
elapsed time: 54.439526 seconds (0d 0h 0m 54s)

